<?xml version="1.0" encoding="UTF-8"?>
<testng-results skipped="0" failed="0" ignored="0" total="6" passed="6">
  <reporter-output>
  </reporter-output>
  <suite name="HubSpot App Regression Suite" duration-ms="32986" started-at="2020-05-03T04:32:00Z" finished-at="2020-05-03T04:32:33Z">
    <groups>
    </groups>
    <test name="HubSpot Functional Regression Test" duration-ms="32986" started-at="2020-05-03T04:32:00Z" finished-at="2020-05-03T04:32:33Z">
      <class name="com.qa.hubspot.tests.LoginPageTest">
        <test-method status="PASS" signature="setUp()[pri:0, instance:com.qa.hubspot.tests.LoginPageTest@2b95e48b]" name="setUp" is-config="true" duration-ms="15784" started-at="2020-05-03T04:32:00Z" finished-at="2020-05-03T04:32:16Z">
          <reporter-output>
          </reporter-output>
        </test-method> <!-- setUp -->
        <test-method status="PASS" signature="verifyLoginPageTitleTest()[pri:1, instance:com.qa.hubspot.tests.LoginPageTest@2b95e48b]" name="verifyLoginPageTitleTest" duration-ms="204" started-at="2020-05-03T04:32:16Z" finished-at="2020-05-03T04:32:16Z">
          <reporter-output>
          </reporter-output>
        </test-method> <!-- verifyLoginPageTitleTest -->
        <test-method status="PASS" signature="verifySignUpLinkTest()[pri:2, instance:com.qa.hubspot.tests.LoginPageTest@2b95e48b]" name="verifySignUpLinkTest" duration-ms="1145" started-at="2020-05-03T04:32:17Z" finished-at="2020-05-03T04:32:18Z">
          <reporter-output>
          </reporter-output>
        </test-method> <!-- verifySignUpLinkTest -->
        <test-method status="PASS" signature="verifShowPasswordLinkTest()[pri:3, instance:com.qa.hubspot.tests.LoginPageTest@2b95e48b]" name="verifShowPasswordLinkTest" duration-ms="46" started-at="2020-05-03T04:32:18Z" finished-at="2020-05-03T04:32:18Z">
          <reporter-output>
          </reporter-output>
        </test-method> <!-- verifShowPasswordLinkTest -->
        <test-method status="PASS" signature="verifyForgotPasswordTest()[pri:4, instance:com.qa.hubspot.tests.LoginPageTest@2b95e48b]" name="verifyForgotPasswordTest" duration-ms="45" started-at="2020-05-03T04:32:18Z" finished-at="2020-05-03T04:32:18Z">
          <reporter-output>
          </reporter-output>
        </test-method> <!-- verifyForgotPasswordTest -->
        <test-method status="PASS" signature="verifycheckloginSSOButtonTest()[pri:5, instance:com.qa.hubspot.tests.LoginPageTest@2b95e48b]" name="verifycheckloginSSOButtonTest" duration-ms="56" started-at="2020-05-03T04:32:18Z" finished-at="2020-05-03T04:32:18Z">
          <reporter-output>
          </reporter-output>
        </test-method> <!-- verifycheckloginSSOButtonTest -->
        <test-method status="PASS" signature="loginTest()[pri:6, instance:com.qa.hubspot.tests.LoginPageTest@2b95e48b]" name="loginTest" duration-ms="14520" started-at="2020-05-03T04:32:18Z" finished-at="2020-05-03T04:32:32Z">
          <reporter-output>
          </reporter-output>
        </test-method> <!-- loginTest -->
        <test-method status="PASS" signature="tearDown()[pri:0, instance:com.qa.hubspot.tests.LoginPageTest@2b95e48b]" name="tearDown" is-config="true" duration-ms="779" started-at="2020-05-03T04:32:32Z" finished-at="2020-05-03T04:32:33Z">
          <reporter-output>
          </reporter-output>
        </test-method> <!-- tearDown -->
      </class> <!-- com.qa.hubspot.tests.LoginPageTest -->
    </test> <!-- HubSpot Functional Regression Test -->
  </suite> <!-- HubSpot App Regression Suite -->
</testng-results>
