<?xml version="1.0" encoding="UTF-8"?>
<testng-results skipped="0" failed="0" ignored="0" total="6" passed="6">
  <reporter-output>
  </reporter-output>
  <suite name="HubSpot App Regression Suite" duration-ms="30524" started-at="2020-05-03T03:58:11Z" finished-at="2020-05-03T03:58:42Z">
    <groups>
    </groups>
    <test name="HubSpot Functional Regression Test" duration-ms="30524" started-at="2020-05-03T03:58:11Z" finished-at="2020-05-03T03:58:42Z">
      <class name="com.qa.hubspot.tests.LoginPageTest">
        <test-method status="PASS" signature="setUp()[pri:0, instance:com.qa.hubspot.tests.LoginPageTest@52b56a3e]" name="setUp" is-config="true" duration-ms="15564" started-at="2020-05-03T09:28:11Z" finished-at="2020-05-03T09:28:27Z">
          <reporter-output>
          </reporter-output>
        </test-method> <!-- setUp -->
        <test-method status="PASS" signature="verifyLoginPageTitleTest()[pri:1, instance:com.qa.hubspot.tests.LoginPageTest@52b56a3e]" name="verifyLoginPageTitleTest" duration-ms="217" started-at="2020-05-03T09:28:27Z" finished-at="2020-05-03T09:28:27Z">
          <reporter-output>
          </reporter-output>
        </test-method> <!-- verifyLoginPageTitleTest -->
        <test-method status="PASS" signature="verifySignUpLinkTest()[pri:2, instance:com.qa.hubspot.tests.LoginPageTest@52b56a3e]" name="verifySignUpLinkTest" duration-ms="691" started-at="2020-05-03T09:28:27Z" finished-at="2020-05-03T09:28:28Z">
          <reporter-output>
          </reporter-output>
        </test-method> <!-- verifySignUpLinkTest -->
        <test-method status="PASS" signature="verifShowPasswordLinkTest()[pri:3, instance:com.qa.hubspot.tests.LoginPageTest@52b56a3e]" name="verifShowPasswordLinkTest" duration-ms="54" started-at="2020-05-03T09:28:28Z" finished-at="2020-05-03T09:28:28Z">
          <reporter-output>
          </reporter-output>
        </test-method> <!-- verifShowPasswordLinkTest -->
        <test-method status="PASS" signature="verifyForgotPasswordTest()[pri:4, instance:com.qa.hubspot.tests.LoginPageTest@52b56a3e]" name="verifyForgotPasswordTest" duration-ms="46" started-at="2020-05-03T09:28:28Z" finished-at="2020-05-03T09:28:28Z">
          <reporter-output>
          </reporter-output>
        </test-method> <!-- verifyForgotPasswordTest -->
        <test-method status="PASS" signature="verifycheckloginSSOButtonTest()[pri:5, instance:com.qa.hubspot.tests.LoginPageTest@52b56a3e]" name="verifycheckloginSSOButtonTest" duration-ms="35" started-at="2020-05-03T09:28:28Z" finished-at="2020-05-03T09:28:28Z">
          <reporter-output>
          </reporter-output>
        </test-method> <!-- verifycheckloginSSOButtonTest -->
        <test-method status="PASS" signature="loginTest()[pri:6, instance:com.qa.hubspot.tests.LoginPageTest@52b56a3e]" name="loginTest" duration-ms="12784" started-at="2020-05-03T09:28:28Z" finished-at="2020-05-03T09:28:41Z">
          <reporter-output>
          </reporter-output>
        </test-method> <!-- loginTest -->
        <test-method status="PASS" signature="tearDown()[pri:0, instance:com.qa.hubspot.tests.LoginPageTest@52b56a3e]" name="tearDown" is-config="true" duration-ms="749" started-at="2020-05-03T09:28:41Z" finished-at="2020-05-03T09:28:42Z">
          <reporter-output>
          </reporter-output>
        </test-method> <!-- tearDown -->
      </class> <!-- com.qa.hubspot.tests.LoginPageTest -->
    </test> <!-- HubSpot Functional Regression Test -->
  </suite> <!-- HubSpot App Regression Suite -->
</testng-results>
