<?xml version="1.0" encoding="UTF-8"?>
<!-- Generated by org.testng.reporters.JUnitXMLReporter -->
<testsuite hostname="DESKTOP-66SGQGC" ignored="0" name="HubSpot Functional Regression Test" tests="6" failures="0" timestamp="03 May 2020 03:58:42 GMT" time="30.524" errors="0">
  <testcase name="verifyLoginPageTitleTest" time="0.217" classname="com.qa.hubspot.tests.LoginPageTest"/>
  <testcase name="verifySignUpLinkTest" time="0.691" classname="com.qa.hubspot.tests.LoginPageTest"/>
  <testcase name="verifShowPasswordLinkTest" time="0.054" classname="com.qa.hubspot.tests.LoginPageTest"/>
  <testcase name="verifyForgotPasswordTest" time="0.046" classname="com.qa.hubspot.tests.LoginPageTest"/>
  <testcase name="verifycheckloginSSOButtonTest" time="0.035" classname="com.qa.hubspot.tests.LoginPageTest"/>
  <testcase name="loginTest" time="12.784" classname="com.qa.hubspot.tests.LoginPageTest"/>
</testsuite> <!-- HubSpot Functional Regression Test -->
